C51 COMPILER V9.03   EEPROM                                                                06/20/2013 00:15:00 PAGE 1   


C51 COMPILER V9.03, COMPILATION OF MODULE EEPROM
OBJECT MODULE PLACED IN EEPROM.OBJ
COMPILER INVOKED BY: C:\Keil\C51\BIN\C51.EXE EEPROM.C BROWSE DEBUG OBJECTEXTEND

line level    source

   1          #include "reg51.h"
   2          
   3          void delay_1ms(void);
   4          void EEI2C_START(void);
   5          void EEI2C_STOP(void);
   6          void EEI2C_ACK(void);
   7          
   8          // For 24c04以上版本
   9          //void eewrite(unsigned char rom_addressHigh,unsigned char rom_addressLow,      unsigned char write_data);
  10          //unsigned char eeread(unsigned char rom_addressHigh,unsigned char rom_addressLow);
  11          
  12          // For 24C00, 24C01, 24C02 版本
  13          void eewrite(unsigned char rom_address, unsigned char write_data);
  14          unsigned char eeread(unsigned char read_address);
  15          
  16          
  17          void write_8bit(wData);
  18          unsigned char read_8bit(void);
  19          
  20          
  21          sbit  EESDA  = P3^3;
  22          sbit  EESCL  = P3^2;
  23          
  24          void delay_1ms(void)
  25          {
  26   1                      unsigned char temp;
  27   1              unsigned int i;
  28   1      
  29   1                      for(i=0; i<60; i++)
  30   1                      temp=0;
  31   1                      
  32   1      
  33   1      }
  34          
  35          void EEI2C_START(void)
  36          {
  37   1              EESDA=1;
  38   1              delay_1ms();
  39   1              EESCL=1;
  40   1              delay_1ms();
  41   1              EESDA=0;
  42   1              delay_1ms();
  43   1              EESCL=0;
  44   1              delay_1ms();
  45   1      }
  46          
  47          void EEI2C_STOP(void)
  48          {
  49   1              EESCL=0;
  50   1              delay_1ms();
  51   1              EESDA=0;
  52   1              delay_1ms();
  53   1              EESCL=1;
  54   1              delay_1ms();
  55   1              EESDA=1;
C51 COMPILER V9.03   EEPROM                                                                06/20/2013 00:15:00 PAGE 2   

  56   1              delay_1ms();
  57   1      }
  58          
  59          void EEI2C_ACK(void)
  60          {       
  61   1              unsigned char z=0;
  62   1              while((EESDA==1)&&(z<50))       z++;   // Z 保護用，避免程式進入無窮回圈
  63   1              EESCL=0;
  64   1              delay_1ms();
  65   1      } 
  66          
  67          // For 24c04以上版本
  68          //void eewrite(unsigned char rom_addressHigh,unsigned char rom_addressLow,      unsigned char write_data)
  69          void eewrite(unsigned char rom_address, unsigned char write_data)
  70          {
  71   1              unsigned int ii;
  72   1      
  73   1              
  74   1                  EEI2C_START();
  75   1          
  76   1            write_8bit(0xA0);
  77   1            EEI2C_ACK();
  78   1            
  79   1      //      write_8bit(rom_addressHigh);
  80   1      //      EEI2C_ACK();
  81   1      //      write_8bit(rom_addressLow);
  82   1      //      EEI2C_ACK();
  83   1            write_8bit(rom_address);
  84   1            EEI2C_ACK();
  85   1            
  86   1            write_8bit(write_data);
  87   1            EEI2C_ACK();
  88   1            
  89   1              EEI2C_STOP();
  90   1              
  91   1              // Delay only
  92   1              for(ii=0;ii<500;ii++){
  93   2                              delay_1ms();
  94   2              }
  95   1              
  96   1      }
  97          
  98          
  99          void write_8bit(wData){
 100   1      
 101   1      unsigned char i;
 102   1      
 103   1                                      EESCL=0;
 104   1                                      delay_1ms();    
 105   1                                      
 106   1                              for(i=0;i<8;i++)
 107   1                              {
 108   2                                                              
 109   2                                      if((wData & 0x80 ) == 0x80)                     
 110   2                                              EESDA=1; 
 111   2                                      else
 112   2                                              EESDA=0;                                
 113   2                                      
 114   2                                      delay_1ms();
 115   2                                      
 116   2                                      EESCL=1;
 117   2                                      delay_1ms();
C51 COMPILER V9.03   EEPROM                                                                06/20/2013 00:15:00 PAGE 3   

 118   2                                      EESCL=0;
 119   2                                      delay_1ms();
 120   2                                      
 121   2                                      wData=wData<<1;
 122   2                                                              
 123   2                              }
 124   1                              
 125   1                      EESDA=1;         // 還原到初始
 126   1                      delay_1ms();
 127   1                      EESCL=1;         //  還原到初始
 128   1                      delay_1ms();  
 129   1      }               
 130          
 131          // For 24c04以上版本
 132          //unsigned char eeread(unsigned char rom_addressHigh,unsigned char rom_addressLow)
 133          unsigned char eeread(unsigned char read_address){
 134   1              
 135   1              unsigned char read_data;
 136   1      
 137   1                              EEI2C_START();
 138   1              
 139   1            write_8bit(0xA0);
 140   1            EEI2C_ACK();
 141   1      
 142   1      //      write_8bit(rom_addressHigh);
 143   1      //      EEI2C_ACK();
 144   1      //      write_8bit(fLow);
 145   1      //      EEI2C_ACK();     
 146   1            write_8bit(read_address);
 147   1            EEI2C_ACK();
 148   1                  
 149   1                  EEI2C_START();
 150   1            write_8bit(0xA1);
 151   1            EEI2C_ACK();
 152   1            
 153   1                  read_data = read_8bit();
 154   1                              EEI2C_ACK();
 155   1                              
 156   1                              EEI2C_STOP();
 157   1              
 158   1                return (read_data);
 159   1      }
 160          
 161          
 162          unsigned char read_8bit(void){
 163   1      
 164   1      unsigned char rdata,i;  
 165   1      
 166   1              rdata = 0x00;
 167   1              
 168   1              
 169   1              for(i=0;i<8;i++){
 170   2                      rdata = rdata<<1;
 171   2                      EESDA = 1;
 172   2                      delay_1ms();
 173   2                      EESCL = 0;
 174   2                      delay_1ms();
 175   2                      EESCL = 1;
 176   2                      delay_1ms();
 177   2                      
 178   2                      if(EESDA==1)            
 179   2                              rdata|=0x01;
C51 COMPILER V9.03   EEPROM                                                                06/20/2013 00:15:00 PAGE 4   

 180   2                              
 181   2              }
 182   1              
 183   1              return (rdata);
 184   1      }


MODULE INFORMATION:   STATIC OVERLAYABLE
   CODE SIZE        =    277    ----
   CONSTANT SIZE    =   ----    ----
   XDATA SIZE       =   ----    ----
   PDATA SIZE       =   ----    ----
   DATA SIZE        =   ----       3
   IDATA SIZE       =   ----    ----
   BIT SIZE         =   ----    ----
END OF MODULE INFORMATION.


C51 COMPILATION COMPLETE.  0 WARNING(S),  0 ERROR(S)
