C51 COMPILER V9.03   INIT0                                                                 06/15/2013 14:52:23 PAGE 1   


C51 COMPILER V9.03, COMPILATION OF MODULE INIT0
OBJECT MODULE PLACED IN init0.OBJ
COMPILER INVOKED BY: C:\Keil\C51\BIN\C51.EXE init0.c BROWSE DEBUG OBJECTEXTEND

line level    source

   1          #include "reg51.h"
   2          
   3          #define Key_Port P0 // Port 0 接到      4x4 鍵盤
   4          
   5          // 定義4x4 鍵盤與數字的關係
   6          #define Key_0 0
   7          #define Key_1 1
   8          #define Key_2 2
   9          #define Key_3 3
  10          #define Key_4 4
  11          #define Key_5 5
  12          #define Key_6 6
  13          #define Key_7 7
  14          #define Key_8 8
  15          #define Key_9 9
  16          #define Key_A 10
  17          #define Key_B 11
  18          #define Key_C 12
  19          #define Key_D 13
  20          #define Key_E 14
  21          #define Key_F 15
  22          
  23          extern unsigned char key_current; // 按鍵現在的狀態, 1: 正常 0:被按
  24          extern unsigned char key_previous; // 按鍵前10ms 的狀態, 1: 正常 0:被按            
  25          extern unsigned char key_value;
  26          extern unsigned char showBtn;
  27          
  28          
  29          
  30          ////////////////////////////////////////////////////////////////鍵盤中斷
  31          
  32          void T0_int(void) interrupt 1
  33          {
  34   1      unsigned char i=0;
  35   1      TH0 = (65536-10000)/256; // 10ms 再設定
  36   1      TL0 = (65536-10000)%256; // 10ms 再設定
  37   1      
  38   1      
  39   1      
  40   1      Key_Port = 0x7f; // P2.7 = 0, 掃描第ㄧ列
  41   1      key_current = Key_Port & 0x0f;
  42   1      if (key_current != key_previous) { // 有按鍵被按
  43   2      
  44   2      if (key_current == 0x0E){
  45   3      key_value =Key_0;
  46   3      showBtn = '0';
  47   3      i++;
  48   3      }
  49   2      if (key_current == 0x0D){
  50   3      key_value =Key_7;
  51   3      showBtn = '7';
  52   3      i++;
  53   3      }
  54   2      if (key_current == 0x0B){
  55   3      key_value =Key_4;
C51 COMPILER V9.03   INIT0                                                                 06/15/2013 14:52:23 PAGE 2   

  56   3      showBtn = '4';
  57   3      i++;
  58   3      }
  59   2      if (key_current == 0x07){
  60   3      key_value =Key_1;
  61   3      showBtn = '1';
  62   3      i++;
  63   3      }
  64   2      }
  65   1      Key_Port = 0xbf; // P2.6 = 0, 掃描第二列
  66   1      key_current = Key_Port & 0x0f;
  67   1      if (key_current != key_previous) { // 有按鍵被按
  68   2      
  69   2      if (key_current == 0x0E){
  70   3      key_value =Key_F;
  71   3      showBtn = 'F';
  72   3      i++;
  73   3      }
  74   2      if (key_current == 0x0D){
  75   3      key_value =Key_8;
  76   3      showBtn = '8';
  77   3      i++;
  78   3      }
  79   2      if (key_current == 0x0B){
  80   3      key_value =Key_5;
  81   3      showBtn = '5';
  82   3      i++;
  83   3      }
  84   2      if (key_current == 0x07){
  85   3      key_value =Key_2;
  86   3      showBtn = '2';
  87   3      i++;
  88   3      }
  89   2      }
  90   1      Key_Port = 0xdf; // P2.5 = 0, 掃描第三列
  91   1      key_current = Key_Port & 0x0f;
  92   1      if (key_current != key_previous) { // 有按鍵被按
  93   2      if (key_current == 0x0E){
  94   3      key_value =Key_E;
  95   3      showBtn = 'E';
  96   3      
  97   3      i++;
  98   3      }
  99   2      if (key_current == 0x0D){
 100   3      key_value =Key_9;
 101   3      showBtn = '9';
 102   3      i++;
 103   3      }
 104   2      if (key_current == 0x0B){
 105   3      key_value =Key_6;
 106   3      showBtn = '6';
 107   3      i++;
 108   3      }
 109   2      if (key_current == 0x07){
 110   3      key_value =Key_3;
 111   3      showBtn = '3';
 112   3      i++;
 113   3      }
 114   2      }
 115   1      Key_Port = 0xef; // P2.4 = 0, 掃描第四列
 116   1      key_current = Key_Port & 0x0f;
 117   1      
C51 COMPILER V9.03   INIT0                                                                 06/15/2013 14:52:23 PAGE 3   

 118   1      if (key_current != key_previous) { // 有按鍵被按
 119   2         if (key_current == 0x0E){
 120   3           key_value =Key_D;
 121   3               showBtn = 'D';
 122   3           i++;
 123   3            }
 124   2      
 125   2      if (key_current == 0x0D){
 126   3          key_value =Key_C;
 127   3              showBtn = 'C';
 128   3          i++;
 129   3          }
 130   2      
 131   2      if (key_current == 0x0B){
 132   3      key_value =Key_B;
 133   3      showBtn = 'B';
 134   3      i++;
 135   3      }
 136   2      
 137   2      if (key_current == 0x07){
 138   3      key_value =Key_A;
 139   3      showBtn = 'A';
 140   3      i++;
 141   3      }
 142   2      
 143   2      }
 144   1      
 145   1      if (i >= 2) //若是有兩個以上按鍵被按
 146   1      key_value = 16; // 七段顯示器全暗
 147   1      
 148   1      key_previous = key_current; // 更新上ㄧ次10ms 的值
 149   1      
 150   1      
 151   1       } ////////////////// end of T0_int


MODULE INFORMATION:   STATIC OVERLAYABLE
   CODE SIZE        =    280    ----
   CONSTANT SIZE    =   ----    ----
   XDATA SIZE       =   ----    ----
   PDATA SIZE       =   ----    ----
   DATA SIZE        =   ----    ----
   IDATA SIZE       =   ----    ----
   BIT SIZE         =   ----    ----
END OF MODULE INFORMATION.


C51 COMPILATION COMPLETE.  0 WARNING(S),  0 ERROR(S)
